2014-02-13 14:21:25.860 HelloWorld[6201:80b] Multi-tasking -> Device: YES, App: YES
2014-02-13 14:21:25.884 HelloWorld[6201:80b] Unlimited access to network resources
2014-02-13 14:21:26.156 HelloWorld[6201:80b] Resetting plugins due to page load.
2014-02-13 14:21:26.258 HelloWorld[6201:80b] Finished load of: file:///Users/benaichal/Library/Application%20Support/iPhone%20Simulator/7.0.3/Applications/CBF1FC71-84C8-445D-8B8D-14CCB02D4772/HelloWorld.app/www/index.html
2014-02-13 14:29:28.225 HelloWorld[7085:80b] Multi-tasking -> Device: YES, App: YES
2014-02-13 14:29:28.231 HelloWorld[7085:80b] Unlimited access to network resources
2014-02-13 14:29:28.252 HelloWorld[7085:80b] active
2014-02-13 14:29:28.335 HelloWorld[7085:80b] Resetting plugins due to page load.
2014-02-13 14:29:28.389 HelloWorld[7085:80b] Finished load of: file:///Users/benaichal/Library/Application%20Support/iPhone%20Simulator/7.0.3/Applications/CBF1FC71-84C8-445D-8B8D-14CCB02D4772/HelloWorld.app/www/index.html
2014-02-13 14:29:56.151 HelloWorld[7690:80b] Multi-tasking -> Device: YES, App: YES
2014-02-13 14:29:56.157 HelloWorld[7690:80b] Unlimited access to network resources
2014-02-13 14:29:56.181 HelloWorld[7690:80b] active
2014-02-13 14:29:56.242 HelloWorld[7690:80b] Resetting plugins due to page load.
2014-02-13 14:29:56.275 HelloWorld[7690:80b] Finished load of: file:///Users/benaichal/Library/Application%20Support/iPhone%20Simulator/7.0.3/Applications/CBF1FC71-84C8-445D-8B8D-14CCB02D4772/HelloWorld.app/www/index.html
2014-02-13 14:37:43.747 HelloWorld[8388:80b] Multi-tasking -> Device: YES, App: YES
2014-02-13 14:37:43.755 HelloWorld[8388:80b] Unlimited access to network resources
2014-02-13 14:37:43.800 HelloWorld[8388:80b] active
2014-02-13 14:37:43.892 HelloWorld[8388:80b] Resetting plugins due to page load.
2014-02-13 14:37:43.981 HelloWorld[8388:80b] Finished load of: file:///Users/benaichal/Library/Application%20Support/iPhone%20Simulator/7.0.3/Applications/CBF1FC71-84C8-445D-8B8D-14CCB02D4772/HelloWorld.app/www/index.html
2014-02-13 14:39:51.102 HelloWorld[10233:80b] Multi-tasking -> Device: YES, App: YES
2014-02-13 14:39:51.108 HelloWorld[10233:80b] Unlimited access to network resources
2014-02-13 14:39:51.131 HelloWorld[10233:80b] active
2014-02-13 14:39:51.191 HelloWorld[10233:80b] Resetting plugins due to page load.
2014-02-13 14:39:51.255 HelloWorld[10233:80b] Finished load of: file:///Users/benaichal/Library/Application%20Support/iPhone%20Simulator/7.0.3/Applications/CBF1FC71-84C8-445D-8B8D-14CCB02D4772/HelloWorld.app/www/index.html
2014-02-13 14:43:52.303 HelloWorld[10893:80b] Multi-tasking -> Device: YES, App: YES
2014-02-13 14:43:52.310 HelloWorld[10893:80b] Unlimited access to network resources
2014-02-13 14:43:52.333 HelloWorld[10893:80b] active
2014-02-13 14:43:52.391 HelloWorld[10893:80b] Resetting plugins due to page load.
2014-02-13 14:43:52.470 HelloWorld[10893:80b] Finished load of: file:///Users/benaichal/Library/Application%20Support/iPhone%20Simulator/7.0.3/Applications/CBF1FC71-84C8-445D-8B8D-14CCB02D4772/HelloWorld.app/www/index.html
2014-02-13 14:46:29.257 HelloWorld[12130:80b] Multi-tasking -> Device: YES, App: YES
2014-02-13 14:46:29.263 HelloWorld[12130:80b] Unlimited access to network resources
2014-02-13 14:46:29.286 HelloWorld[12130:80b] active
2014-02-13 14:46:29.359 HelloWorld[12130:80b] Resetting plugins due to page load.
2014-02-13 14:46:29.397 HelloWorld[12130:80b] Finished load of: file:///Users/benaichal/Library/Application%20Support/iPhone%20Simulator/7.0.3/Applications/CBF1FC71-84C8-445D-8B8D-14CCB02D4772/HelloWorld.app/www/index.html
2014-02-13 15:05:27.702 HelloWorld[14817:80b] Multi-tasking -> Device: YES, App: YES
2014-02-13 15:05:27.727 HelloWorld[14817:80b] Unlimited access to network resources
2014-02-13 15:05:27.757 HelloWorld[14817:80b] active
2014-02-13 15:05:27.835 HelloWorld[14817:80b] Resetting plugins due to page load.
2014-02-13 15:05:27.909 HelloWorld[14817:80b] Finished load of: file:///Users/benaichal/Library/Application%20Support/iPhone%20Simulator/7.0.3/Applications/CBF1FC71-84C8-445D-8B8D-14CCB02D4772/HelloWorld.app/www/index.html
2014-02-13 15:50:32.636 HelloWorld[14817:80b] Received memory warning.
